#
# There is insufficient memory for the Java Runtime Environment to continue.
# Native memory allocation (malloc) failed to allocate 1048576 bytes. Error detail: AllocateHeap
# Possible reasons:
#   The system is out of physical RAM or swap space
#   This process is running with CompressedOops enabled, and the Java Heap may be blocking the growth of the native heap
# Possible solutions:
#   Reduce memory load on the system
#   Increase physical memory or swap space
#   Check if swap backing store is full
#   Decrease Java heap size (-Xmx/-Xms)
#   Decrease number of Java threads
#   Decrease Java thread stack sizes (-Xss)
#   Set larger code cache with -XX:ReservedCodeCacheSize=
#   JVM is running with Unscaled Compressed Oops mode in which the Java heap is
#     placed in the first 4GB address space. The Java Heap base address is the
#     maximum limit for the native heap growth. Please use -XX:HeapBaseMinAddress
#     to set the Java Heap base and to place the Java Heap above 4GB virtual address.
# This output file may be truncated or incomplete.
#
#  Out of Memory Error (allocation.cpp:44), pid=25612, tid=30972
#
# JRE version: OpenJDK Runtime Environment Temurin-21.0.8+9 (21.0.8+9) (build 21.0.8+9-LTS)
# Java VM: OpenJDK 64-Bit Server VM Temurin-21.0.8+9 (21.0.8+9-LTS, mixed mode, sharing, tiered, compressed oops, compressed class ptrs, parallel gc, windows-amd64)
# No core dump will be written. Minidumps are not enabled by default on client versions of Windows
#

---------------  S U M M A R Y ------------

Command Line: --add-modules=ALL-SYSTEM --add-opens=java.base/java.util=ALL-UNNAMED --add-opens=java.base/java.lang=ALL-UNNAMED --add-opens=java.base/sun.nio.fs=ALL-UNNAMED -Declipse.application=org.eclipse.jdt.ls.core.id1 -Dosgi.bundles.defaultStartLevel=4 -Declipse.product=org.eclipse.jdt.ls.core.product -Djava.import.generatesMetadataFilesAtProjectRoot=false -DDetectVMInstallationsJob.disabled=true -Dfile.encoding=utf8 -XX:+UseParallelGC -XX:GCTimeRatio=4 -XX:AdaptiveSizePolicyWeight=90 -Dsun.zip.disableMemoryMapping=true -Xmx2G -Xms100m -Xlog:disable -javaagent:c:\Users\Chuom LyDollar\.vscode\extensions\redhat.java-1.44.0-win32-x64\lombok\lombok-1.18.39-4050.jar -XX:+HeapDumpOnOutOfMemoryError -XX:HeapDumpPath=c:\Users\Chuom LyDollar\AppData\Roaming\Code\User\workspaceStorage\14c3d2e0f7c0c2cf9f80eca2900b5e24\redhat.java -Daether.dependencyCollector.impl=bf c:\Users\Chuom LyDollar\.vscode\extensions\redhat.java-1.44.0-win32-x64\server\plugins\org.eclipse.equinox.launcher_1.7.0.v20250519-0528.jar -configuration c:\Users\Chuom LyDollar\AppData\Roaming\Code\User\globalStorage\redhat.java\1.44.0\config_win -data c:\Users\Chuom LyDollar\AppData\Roaming\Code\User\workspaceStorage\14c3d2e0f7c0c2cf9f80eca2900b5e24\redhat.java\jdt_ws --pipe=\\.\pipe\lsp-d23aad8aa0d275c505656deb2b0150e3-sock

Host: 12th Gen Intel(R) Core(TM) i5-12500H, 16 cores, 31G,  Windows 11 , 64 bit Build 22621 (10.0.22621.5415)
Time: Fri Aug 22 20:19:29 2025 SE Asia Standard Time elapsed time: 12707.534021 seconds (0d 3h 31m 47s)

---------------  T H R E A D  ---------------

Current thread (0x000001aee4266f20):  JavaThread "Attach Listener" daemon [_thread_in_vm, id=30972, stack(0x00000023c3600000,0x00000023c3700000) (1024K)]

Stack: [0x00000023c3600000,0x00000023c3700000]
Native frames: (J=compiled Java code, j=interpreted, Vv=VM code, C=native code)
V  [jvm.dll+0x6d2449]
V  [jvm.dll+0x8ae341]
V  [jvm.dll+0x8b08be]
V  [jvm.dll+0x8b0fa3]
V  [jvm.dll+0x280c96]
V  [jvm.dll+0xc0347]
V  [jvm.dll+0x6d2cf9]
V  [jvm.dll+0x131116]
V  [jvm.dll+0x3f2d16]
V  [jvm.dll+0x857e6b]
V  [jvm.dll+0x6d0b0d]
C  [ucrtbase.dll+0x29333]
C  [KERNEL32.DLL+0x1259d]
C  [ntdll.dll+0x5af78]


---------------  P R O C E S S  ---------------

Threads class SMR info:
_java_thread_list=0x000001aefda579e0, length=43, elements={
0x000001aee41c6920, 0x000001aefac5e400, 0x000001aee4261d80, 0x000001aee4264100,
0x000001aee4266f20, 0x000001aee4268620, 0x000001aee426a1b0, 0x000001aee426bc20,
0x000001aee42718d0, 0x000001aefc106030, 0x000001aefc38e0c0, 0x000001aefe35ef70,
0x000001aefe182b30, 0x000001aefe3da710, 0x000001aefe3e1530, 0x000001aefe6deec0,
0x000001aefe852bd0, 0x000001aefeaf2d10, 0x000001aefeaf3a30, 0x000001aefeaf33a0,
0x000001aefeaf0c40, 0x000001aefeaf12d0, 0x000001aefeaf2680, 0x000001aec74df7c0,
0x000001aec74e3ff0, 0x000001aec74e4680, 0x000001aec74e1200, 0x000001aec74e32d0,
0x000001aec74e0b70, 0x000001aec74e53a0, 0x000001aec74df130, 0x000001aec74e3960,
0x000001aec74dfe50, 0x000001aec74e4d10, 0x000001aec74e25b0, 0x000001aec74e1890,
0x000001aec74de410, 0x000001aec74e2c40, 0x000001aec74e5a30, 0x000001aec74deaa0,
0x000001aec74e04e0, 0x000001aec74e1f20, 0x000001aec8e69a40
}

Java Threads: ( => current thread )
  0x000001aee41c6920 JavaThread "main"                              [_thread_blocked, id=27536, stack(0x00000023c2f00000,0x00000023c3000000) (1024K)]
  0x000001aefac5e400 JavaThread "Reference Handler"          daemon [_thread_blocked, id=40096, stack(0x00000023c3300000,0x00000023c3400000) (1024K)]
  0x000001aee4261d80 JavaThread "Finalizer"                  daemon [_thread_blocked, id=26700, stack(0x00000023c3400000,0x00000023c3500000) (1024K)]
  0x000001aee4264100 JavaThread "Signal Dispatcher"          daemon [_thread_blocked, id=30080, stack(0x00000023c3500000,0x00000023c3600000) (1024K)]
=>0x000001aee4266f20 JavaThread "Attach Listener"            daemon [_thread_in_vm, id=30972, stack(0x00000023c3600000,0x00000023c3700000) (1024K)]
  0x000001aee4268620 JavaThread "Service Thread"             daemon [_thread_blocked, id=6976, stack(0x00000023c3700000,0x00000023c3800000) (1024K)]
  0x000001aee426a1b0 JavaThread "Monitor Deflation Thread"   daemon [_thread_blocked, id=18268, stack(0x00000023c3800000,0x00000023c3900000) (1024K)]
  0x000001aee426bc20 JavaThread "C2 CompilerThread0"         daemon [_thread_blocked, id=1812, stack(0x00000023c3900000,0x00000023c3a00000) (1024K)]
  0x000001aee42718d0 JavaThread "C1 CompilerThread0"         daemon [_thread_blocked, id=9192, stack(0x00000023c3a00000,0x00000023c3b00000) (1024K)]
  0x000001aefc106030 JavaThread "Common-Cleaner"             daemon [_thread_blocked, id=38760, stack(0x00000023c3b00000,0x00000023c3c00000) (1024K)]
  0x000001aefc38e0c0 JavaThread "Notification Thread"        daemon [_thread_blocked, id=37512, stack(0x00000023c4000000,0x00000023c4100000) (1024K)]
  0x000001aefe35ef70 JavaThread "Active Thread: Equinox Container: 7e100c8d-cdf8-42e7-9014-a79a72f216b1"        [_thread_blocked, id=42760, stack(0x00000023c4900000,0x00000023c4a00000) (1024K)]
  0x000001aefe182b30 JavaThread "Refresh Thread: Equinox Container: 7e100c8d-cdf8-42e7-9014-a79a72f216b1" daemon [_thread_blocked, id=25968, stack(0x00000023c4b00000,0x00000023c4c00000) (1024K)]
  0x000001aefe3da710 JavaThread "Framework Event Dispatcher: Equinox Container: 7e100c8d-cdf8-42e7-9014-a79a72f216b1" daemon [_thread_blocked, id=15788, stack(0x00000023c4c00000,0x00000023c4d00000) (1024K)]
  0x000001aefe3e1530 JavaThread "Start Level: Equinox Container: 7e100c8d-cdf8-42e7-9014-a79a72f216b1" daemon [_thread_blocked, id=17912, stack(0x00000023c4d00000,0x00000023c4e00000) (1024K)]
  0x000001aefe6deec0 JavaThread "Bundle File Closer"         daemon [_thread_blocked, id=22908, stack(0x00000023c5100000,0x00000023c5200000) (1024K)]
  0x000001aefe852bd0 JavaThread "SCR Component Actor"        daemon [_thread_blocked, id=29584, stack(0x00000023c5200000,0x00000023c5300000) (1024K)]
  0x000001aefeaf2d10 JavaThread "Worker-JM"                         [_thread_blocked, id=13504, stack(0x00000023c5400000,0x00000023c5500000) (1024K)]
  0x000001aefeaf3a30 JavaThread "JNA Cleaner"                daemon [_thread_blocked, id=39688, stack(0x00000023c4100000,0x00000023c4200000) (1024K)]
  0x000001aefeaf33a0 JavaThread "Worker-0"                          [_thread_blocked, id=19776, stack(0x00000023c4800000,0x00000023c4900000) (1024K)]
  0x000001aefeaf0c40 JavaThread "Java indexing"              daemon [_thread_blocked, id=43012, stack(0x00000023c5a00000,0x00000023c5b00000) (1024K)]
  0x000001aefeaf12d0 JavaThread "Worker-2"                          [_thread_blocked, id=31492, stack(0x00000023c5d00000,0x00000023c5e00000) (1024K)]
  0x000001aefeaf2680 JavaThread "Thread-2"                   daemon [_thread_in_native, id=20668, stack(0x00000023c6000000,0x00000023c6100000) (1024K)]
  0x000001aec74df7c0 JavaThread "Thread-3"                   daemon [_thread_in_native, id=17196, stack(0x00000023c6100000,0x00000023c6200000) (1024K)]
  0x000001aec74e3ff0 JavaThread "Thread-4"                   daemon [_thread_in_native, id=34872, stack(0x00000023c6200000,0x00000023c6300000) (1024K)]
  0x000001aec74e4680 JavaThread "Thread-5"                   daemon [_thread_in_native, id=13008, stack(0x00000023c6300000,0x00000023c6400000) (1024K)]
  0x000001aec74e1200 JavaThread "Thread-6"                   daemon [_thread_in_native, id=26680, stack(0x00000023c6400000,0x00000023c6500000) (1024K)]
  0x000001aec74e32d0 JavaThread "Thread-7"                   daemon [_thread_in_native, id=18428, stack(0x00000023c6500000,0x00000023c6600000) (1024K)]
  0x000001aec74e0b70 JavaThread "Thread-8"                   daemon [_thread_in_native, id=13156, stack(0x00000023c6600000,0x00000023c6700000) (1024K)]
  0x000001aec74e53a0 JavaThread "Thread-9"                   daemon [_thread_in_native, id=37508, stack(0x00000023c6700000,0x00000023c6800000) (1024K)]
  0x000001aec74df130 JavaThread "Thread-10"                  daemon [_thread_in_native, id=42448, stack(0x00000023c6800000,0x00000023c6900000) (1024K)]
  0x000001aec74e3960 JavaThread "Thread-11"                  daemon [_thread_in_native, id=25924, stack(0x00000023c6900000,0x00000023c6a00000) (1024K)]
  0x000001aec74dfe50 JavaThread "Thread-12"                  daemon [_thread_in_native, id=17120, stack(0x00000023c6a00000,0x00000023c6b00000) (1024K)]
  0x000001aec74e4d10 JavaThread "Thread-13"                  daemon [_thread_in_native, id=35052, stack(0x00000023c6b00000,0x00000023c6c00000) (1024K)]
  0x000001aec74e25b0 JavaThread "Thread-14"                  daemon [_thread_in_native, id=26336, stack(0x00000023c6c00000,0x00000023c6d00000) (1024K)]
  0x000001aec74e1890 JavaThread "Thread-15"                  daemon [_thread_in_native, id=21720, stack(0x00000023c6d00000,0x00000023c6e00000) (1024K)]
  0x000001aec74de410 JavaThread "Thread-16"                  daemon [_thread_in_native, id=27252, stack(0x00000023c6e00000,0x00000023c6f00000) (1024K)]
  0x000001aec74e2c40 JavaThread "Thread-17"                  daemon [_thread_in_native, id=23376, stack(0x00000023c6f00000,0x00000023c7000000) (1024K)]
  0x000001aec74e5a30 JavaThread "Thread-18"                  daemon [_thread_in_native, id=40228, stack(0x00000023c7000000,0x00000023c7100000) (1024K)]
  0x000001aec74deaa0 JavaThread "pool-2-thread-1"                   [_thread_blocked, id=28064, stack(0x00000023c7100000,0x00000023c7200000) (1024K)]
  0x000001aec74e04e0 JavaThread "WorkspaceEventsHandler"            [_thread_blocked, id=28468, stack(0x00000023c7600000,0x00000023c7700000) (1024K)]
  0x000001aec74e1f20 JavaThread "pool-1-thread-1"                   [_thread_blocked, id=23744, stack(0x00000023c7700000,0x00000023c7800000) (1024K)]
  0x000001aec8e69a40 JavaThread "Timer-0"                           [_thread_blocked, id=29780, stack(0x00000023c8000000,0x00000023c8100000) (1024K)]
Total: 43

Other Threads:
  0x000001aee4260940 VMThread "VM Thread"                           [id=23344, stack(0x00000023c3200000,0x00000023c3300000) (1024K)]
  0x000001aefab3c970 WatcherThread "VM Periodic Task Thread"        [id=31968, stack(0x00000023c3100000,0x00000023c3200000) (1024K)]
  0x000001aee41e3f40 WorkerThread "GC Thread#0"                     [id=37976, stack(0x00000023c3000000,0x00000023c3100000) (1024K)]
  0x000001aefda7c1b0 WorkerThread "GC Thread#1"                     [id=33068, stack(0x00000023c4200000,0x00000023c4300000) (1024K)]
  0x000001aefda82f40 WorkerThread "GC Thread#2"                     [id=3456, stack(0x00000023c4300000,0x00000023c4400000) (1024K)]
  0x000001aefe025cc0 WorkerThread "GC Thread#3"                     [id=18288, stack(0x00000023c4400000,0x00000023c4500000) (1024K)]
  0x000001aefda7c550 WorkerThread "GC Thread#4"                     [id=37540, stack(0x00000023c4500000,0x00000023c4600000) (1024K)]
  0x000001aefda84360 WorkerThread "GC Thread#5"                     [id=25536, stack(0x00000023c4600000,0x00000023c4700000) (1024K)]
  0x000001aefda84700 WorkerThread "GC Thread#6"                     [id=33988, stack(0x00000023c4700000,0x00000023c4800000) (1024K)]
  0x000001aefde9f160 WorkerThread "GC Thread#7"                     [id=12740, stack(0x00000023c4a00000,0x00000023c4b00000) (1024K)]
  0x000001aefde9ea20 WorkerThread "GC Thread#8"                     [id=41740, stack(0x00000023c4e00000,0x00000023c4f00000) (1024K)]
  0x000001aefde9e680 WorkerThread "GC Thread#9"                     [id=23372, stack(0x00000023c4f00000,0x00000023c5000000) (1024K)]
  0x000001aefde9ffe0 WorkerThread "GC Thread#10"                    [id=40716, stack(0x00000023c5000000,0x00000023c5100000) (1024K)]
  0x000001aefde9fc40 WorkerThread "GC Thread#11"                    [id=38188, stack(0x00000023c5500000,0x00000023c5600000) (1024K)]
  0x000001aefe2286f0 WorkerThread "GC Thread#12"                    [id=43184, stack(0x00000023c5600000,0x00000023c5700000) (1024K)]
Total: 15

Threads with active compile tasks:
Total: 0

VM state: not at safepoint (normal execution)

VM Mutex/Monitor currently owned by a thread: None

Heap address: 0x0000000080000000, size: 2048 MB, Compressed Oops mode: 32-bit

CDS archive(s) mapped at: [0x000001ae80000000-0x000001ae80ba0000-0x000001ae80ba0000), size 12189696, SharedBaseAddress: 0x000001ae80000000, ArchiveRelocationMode: 1.
Compressed class space mapped at: 0x000001ae81000000-0x000001aec1000000, reserved size: 1073741824
Narrow klass base: 0x000001ae80000000, Narrow klass shift: 0, Narrow klass range: 0x100000000

GC Precious Log:
 CardTable entry size: 512
 CPUs: 16 total, 16 available
 Memory: 32452M
 Large Page Support: Disabled
 NUMA Support: Disabled
 Compressed Oops: Enabled (32-bit)
 Alignments: Space 512K, Generation 512K, Heap 2M
 Heap Min Capacity: 100M
 Heap Initial Capacity: 100M
 Heap Max Capacity: 2G
 Pre-touch: Disabled
 Parallel Workers: 13

Heap:
 PSYoungGen      total 5632K, used 914K [0x00000000d5580000, 0x00000000d5e80000, 0x0000000100000000)
  eden space 5120K, 14% used [0x00000000d5580000,0x00000000d5634ac8,0x00000000d5a80000)
  from space 512K, 37% used [0x00000000d5e00000,0x00000000d5e30000,0x00000000d5e80000)
  to   space 512K, 0% used [0x00000000d5d80000,0x00000000d5d80000,0x00000000d5e00000)
 ParOldGen       total 1272832K, used 1272712K [0x0000000080000000, 0x00000000cdb00000, 0x00000000d5580000)
  object space 1272832K, 99% used [0x0000000080000000,0x00000000cdae2128,0x00000000cdb00000)
 Metaspace       used 63068K, committed 64448K, reserved 1114112K
  class space    used 7261K, committed 7808K, reserved 1048576K

Card table byte_map: [0x000001aee3b60000,0x000001aee3f70000] _byte_map_base: 0x000001aee3760000

Marking Bits: (ParMarkBitMap*) 0x00007ffe1541a340
 Begin Bits: [0x000001aef6660000, 0x000001aef8660000)
 End Bits:   [0x000001aef8660000, 0x000001aefa660000)

Polling page: 0x000001aee2020000

Metaspace:

Usage:
  Non-class:     54.50 MB used.
      Class:      7.09 MB used.
       Both:     61.59 MB used.

Virtual space:
  Non-class space:       64.00 MB reserved,      55.31 MB ( 86%) committed,  1 nodes.
      Class space:        1.00 GB reserved,       7.62 MB ( <1%) committed,  1 nodes.
             Both:        1.06 GB reserved,      62.94 MB (  6%) committed. 

Chunk freelists:
   Non-Class:  8.31 MB
       Class:  8.21 MB
        Both:  16.52 MB

MaxMetaspaceSize: unlimited
CompressedClassSpaceSize: 1.00 GB
Initial GC threshold: 21.00 MB
Current GC threshold: 97.31 MB
CDS: on
 - commit_granule_bytes: 65536.
 - commit_granule_words: 8192.
 - virtual_space_node_default_size: 8388608.
 - enlarge_chunks_in_place: 1.
 - use_allocation_guard: 0.


Internal statistics:

num_allocs_failed_limit: 9.
num_arena_births: 1144.
num_arena_deaths: 14.
num_vsnodes_births: 2.
num_vsnodes_deaths: 0.
num_space_committed: 1007.
num_space_uncommitted: 0.
num_chunks_returned_to_freelist: 23.
num_chunks_taken_from_freelist: 3913.
num_chunk_merges: 11.
num_chunk_splits: 2524.
num_chunks_enlarged: 1574.
num_inconsistent_stats: 0.

CodeHeap 'non-profiled nmethods': size=119168Kb used=9620Kb max_used=9620Kb free=109547Kb
 bounds [0x000001aeeef50000, 0x000001aeef8c0000, 0x000001aef63b0000]
CodeHeap 'profiled nmethods': size=119104Kb used=20930Kb max_used=20930Kb free=98173Kb
 bounds [0x000001aee73b0000, 0x000001aee8830000, 0x000001aeee800000]
CodeHeap 'non-nmethods': size=7488Kb used=1414Kb max_used=3183Kb free=6074Kb
 bounds [0x000001aeee800000, 0x000001aeeeb30000, 0x000001aeeef50000]
CodeCache: size=245760Kb, used=31964Kb, max_used=33733Kb, free=213794Kb
 total_blobs=10433, nmethods=9710, adapters=629, full_count=0
Compilation: enabled, stopped_count=0, restarted_count=0

Compilation events (20 events):
Event: 12603.807 Thread 0x000001aee42718d0 10527       1       org.eclipse.jdt.ls.core.internal.preferences.PreferenceManager::getPreferences (5 bytes)
Event: 12603.807 Thread 0x000001aee42718d0 nmethod 10527 0x000001aeef8b4a90 code [0x000001aeef8b4c20, 0x000001aeef8b4ce8]
Event: 12603.808 Thread 0x000001aee42718d0 10529       3       java.net.URI::percentNormalizedComparison (215 bytes)
Event: 12603.810 Thread 0x000001aee42718d0 nmethod 10529 0x000001aee8815690 code [0x000001aee8815b80, 0x000001aee8818370]
Event: 12603.810 Thread 0x000001aee42718d0 10528       3       java.net.URI::equal (19 bytes)
Event: 12603.810 Thread 0x000001aee42718d0 nmethod 10528 0x000001aee8819210 code [0x000001aee88193c0, 0x000001aee8819530]
Event: 12606.401 Thread 0x000001aee42718d0 10530   !   3       org.eclipse.core.internal.resources.ProjectPathVariableManager::resolveURI (170 bytes)
Event: 12606.404 Thread 0x000001aee42718d0 nmethod 10530 0x000001aee8819610 code [0x000001aee8819960, 0x000001aee881aad8]
Event: 12637.751 Thread 0x000001aee42718d0 10531   !   3       org.eclipse.core.internal.watson.ElementTree::getChildIDs (65 bytes)
Event: 12637.752 Thread 0x000001aee42718d0 nmethod 10531 0x000001aee881b290 code [0x000001aee881b4e0, 0x000001aee881bd90]
Event: 12638.669 Thread 0x000001aee42718d0 10532  s    3       org.eclipse.core.internal.watson.ElementTree::getChildren (10 bytes)
Event: 12638.670 Thread 0x000001aee42718d0 nmethod 10532 0x000001aee881c110 code [0x000001aee881c300, 0x000001aee881c768]
Event: 12638.671 Thread 0x000001aee42718d0 10533   !   3       org.eclipse.core.internal.resources.Container::getChildren (154 bytes)
Event: 12638.673 Thread 0x000001aee42718d0 nmethod 10533 0x000001aee881c990 code [0x000001aee881cc40, 0x000001aee881dbd8]
Event: 12655.523 Thread 0x000001aee42718d0 10534       3       java.net.URI::equalIgnoringCase (68 bytes)
Event: 12655.523 Thread 0x000001aee42718d0 nmethod 10534 0x000001aee881e310 code [0x000001aee881e5e0, 0x000001aee881f590]
Event: 12666.485 Thread 0x000001aee426bc20 10535       4       org.eclipse.core.runtime.IPath::fromOSString (9 bytes)
Event: 12666.487 Thread 0x000001aee426bc20 nmethod 10535 0x000001aeef8b4d90 code [0x000001aeef8b4f20, 0x000001aeef8b5030]
Event: 12676.197 Thread 0x000001aee42718d0 10536   !   3       org.eclipse.core.internal.resources.WorkspaceRoot::getProjects (85 bytes)
Event: 12676.199 Thread 0x000001aee42718d0 nmethod 10536 0x000001aee881fb90 code [0x000001aee881fdc0, 0x000001aee8820630]

GC Heap History (20 events):
Event: 28.133 GC heap before
{Heap before GC invocations=1906 (full 3):
 PSYoungGen      total 6144K, used 6108K [0x00000000d5580000, 0x00000000d5f80000, 0x0000000100000000)
  eden space 4096K, 100% used [0x00000000d5580000,0x00000000d5980000,0x00000000d5980000)
  from space 2048K, 98% used [0x00000000d5d80000,0x00000000d5f77200,0x00000000d5f80000)
  to   space 2560K, 0% used [0x00000000d5a80000,0x00000000d5a80000,0x00000000d5d00000)
 ParOldGen       total 1260032K, used 1259614K [0x0000000080000000, 0x00000000cce80000, 0x00000000d5580000)
  object space 1260032K, 99% used [0x0000000080000000,0x00000000cce17818,0x00000000cce80000)
 Metaspace       used 62316K, committed 63744K, reserved 1114112K
  class space    used 7196K, committed 7744K, reserved 1048576K
}
Event: 28.135 GC heap after
{Heap after GC invocations=1906 (full 3):
 PSYoungGen      total 7680K, used 2138K [0x00000000d5580000, 0x00000000d5f80000, 0x0000000100000000)
  eden space 5120K, 0% used [0x00000000d5580000,0x00000000d5580000,0x00000000d5a80000)
  from space 2560K, 83% used [0x00000000d5a80000,0x00000000d5c96ae0,0x00000000d5d00000)
  to   space 2560K, 0% used [0x00000000d5d00000,0x00000000d5d00000,0x00000000d5f80000)
 ParOldGen       total 1261568K, used 1261371K [0x0000000080000000, 0x00000000cd000000, 0x00000000d5580000)
  object space 1261568K, 99% used [0x0000000080000000,0x00000000ccfced20,0x00000000cd000000)
 Metaspace       used 62316K, committed 63744K, reserved 1114112K
  class space    used 7196K, committed 7744K, reserved 1048576K
}
Event: 28.150 GC heap before
{Heap before GC invocations=1907 (full 3):
 PSYoungGen      total 7680K, used 7258K [0x00000000d5580000, 0x00000000d5f80000, 0x0000000100000000)
  eden space 5120K, 100% used [0x00000000d5580000,0x00000000d5a80000,0x00000000d5a80000)
  from space 2560K, 83% used [0x00000000d5a80000,0x00000000d5c96ae0,0x00000000d5d00000)
  to   space 2560K, 0% used [0x00000000d5d00000,0x00000000d5d00000,0x00000000d5f80000)
 ParOldGen       total 1261568K, used 1261371K [0x0000000080000000, 0x00000000cd000000, 0x00000000d5580000)
  object space 1261568K, 99% used [0x0000000080000000,0x00000000ccfced20,0x00000000cd000000)
 Metaspace       used 62316K, committed 63744K, reserved 1114112K
  class space    used 7196K, committed 7744K, reserved 1048576K
}
Event: 28.151 GC heap after
{Heap after GC invocations=1907 (full 3):
 PSYoungGen      total 7680K, used 2024K [0x00000000d5580000, 0x00000000d6080000, 0x0000000100000000)
  eden space 5120K, 0% used [0x00000000d5580000,0x00000000d5580000,0x00000000d5a80000)
  from space 2560K, 79% used [0x00000000d5d00000,0x00000000d5efa018,0x00000000d5f80000)
  to   space 2560K, 0% used [0x00000000d5a80000,0x00000000d5a80000,0x00000000d5d00000)
 ParOldGen       total 1263104K, used 1262840K [0x0000000080000000, 0x00000000cd180000, 0x00000000d5580000)
  object space 1263104K, 99% used [0x0000000080000000,0x00000000cd13e2e8,0x00000000cd180000)
 Metaspace       used 62316K, committed 63744K, reserved 1114112K
  class space    used 7196K, committed 7744K, reserved 1048576K
}
Event: 28.169 GC heap before
{Heap before GC invocations=1908 (full 3):
 PSYoungGen      total 7680K, used 7144K [0x00000000d5580000, 0x00000000d6080000, 0x0000000100000000)
  eden space 5120K, 100% used [0x00000000d5580000,0x00000000d5a80000,0x00000000d5a80000)
  from space 2560K, 79% used [0x00000000d5d00000,0x00000000d5efa018,0x00000000d5f80000)
  to   space 2560K, 0% used [0x00000000d5a80000,0x00000000d5a80000,0x00000000d5d00000)
 ParOldGen       total 1263104K, used 1262840K [0x0000000080000000, 0x00000000cd180000, 0x00000000d5580000)
  object space 1263104K, 99% used [0x0000000080000000,0x00000000cd13e2e8,0x00000000cd180000)
 Metaspace       used 62316K, committed 63744K, reserved 1114112K
  class space    used 7196K, committed 7744K, reserved 1048576K
}
Event: 28.171 GC heap after
{Heap after GC invocations=1908 (full 3):
 PSYoungGen      total 7168K, used 1714K [0x00000000d5580000, 0x00000000d5e80000, 0x0000000100000000)
  eden space 5120K, 0% used [0x00000000d5580000,0x00000000d5580000,0x00000000d5a80000)
  from space 2048K, 83% used [0x00000000d5a80000,0x00000000d5c2c808,0x00000000d5c80000)
  to   space 2048K, 0% used [0x00000000d5c80000,0x00000000d5c80000,0x00000000d5e80000)
 ParOldGen       total 1264640K, used 1264547K [0x0000000080000000, 0x00000000cd300000, 0x00000000d5580000)
  object space 1264640K, 99% used [0x0000000080000000,0x00000000cd2e8c90,0x00000000cd300000)
 Metaspace       used 62316K, committed 63744K, reserved 1114112K
  class space    used 7196K, committed 7744K, reserved 1048576K
}
Event: 28.197 GC heap before
{Heap before GC invocations=1909 (full 3):
 PSYoungGen      total 7168K, used 6834K [0x00000000d5580000, 0x00000000d5e80000, 0x0000000100000000)
  eden space 5120K, 100% used [0x00000000d5580000,0x00000000d5a80000,0x00000000d5a80000)
  from space 2048K, 83% used [0x00000000d5a80000,0x00000000d5c2c808,0x00000000d5c80000)
  to   space 2048K, 0% used [0x00000000d5c80000,0x00000000d5c80000,0x00000000d5e80000)
 ParOldGen       total 1264640K, used 1264547K [0x0000000080000000, 0x00000000cd300000, 0x00000000d5580000)
  object space 1264640K, 99% used [0x0000000080000000,0x00000000cd2e8c90,0x00000000cd300000)
 Metaspace       used 62316K, committed 63744K, reserved 1114112K
  class space    used 7196K, committed 7744K, reserved 1048576K
}
Event: 28.200 GC heap after
{Heap after GC invocations=1909 (full 3):
 PSYoungGen      total 7168K, used 1600K [0x00000000d5580000, 0x00000000d5e80000, 0x0000000100000000)
  eden space 5120K, 0% used [0x00000000d5580000,0x00000000d5580000,0x00000000d5a80000)
  from space 2048K, 78% used [0x00000000d5c80000,0x00000000d5e10000,0x00000000d5e80000)
  to   space 2048K, 0% used [0x00000000d5a80000,0x00000000d5a80000,0x00000000d5c80000)
 ParOldGen       total 1267200K, used 1266919K [0x0000000080000000, 0x00000000cd580000, 0x00000000d5580000)
  object space 1267200K, 99% used [0x0000000080000000,0x00000000cd539c30,0x00000000cd580000)
 Metaspace       used 62316K, committed 63744K, reserved 1114112K
  class space    used 7196K, committed 7744K, reserved 1048576K
}
Event: 28.213 GC heap before
{Heap before GC invocations=1910 (full 3):
 PSYoungGen      total 7168K, used 6720K [0x00000000d5580000, 0x00000000d5e80000, 0x0000000100000000)
  eden space 5120K, 100% used [0x00000000d5580000,0x00000000d5a80000,0x00000000d5a80000)
  from space 2048K, 78% used [0x00000000d5c80000,0x00000000d5e10000,0x00000000d5e80000)
  to   space 2048K, 0% used [0x00000000d5a80000,0x00000000d5a80000,0x00000000d5c80000)
 ParOldGen       total 1267200K, used 1266919K [0x0000000080000000, 0x00000000cd580000, 0x00000000d5580000)
  object space 1267200K, 99% used [0x0000000080000000,0x00000000cd539c30,0x00000000cd580000)
 Metaspace       used 62316K, committed 63744K, reserved 1114112K
  class space    used 7196K, committed 7744K, reserved 1048576K
}
Event: 28.215 GC heap after
{Heap after GC invocations=1910 (full 3):
 PSYoungGen      total 7168K, used 2036K [0x00000000d5580000, 0x00000000d6380000, 0x0000000100000000)
  eden space 5120K, 0% used [0x00000000d5580000,0x00000000d5580000,0x00000000d5a80000)
  from space 2048K, 99% used [0x00000000d5a80000,0x00000000d5c7d390,0x00000000d5c80000)
  to   space 4608K, 0% used [0x00000000d5f00000,0x00000000d5f00000,0x00000000d6380000)
 ParOldGen       total 1269248K, used 1268951K [0x0000000080000000, 0x00000000cd780000, 0x00000000d5580000)
  object space 1269248K, 99% used [0x0000000080000000,0x00000000cd735c20,0x00000000cd780000)
 Metaspace       used 62316K, committed 63744K, reserved 1114112K
  class space    used 7196K, committed 7744K, reserved 1048576K
}
Event: 28.240 GC heap before
{Heap before GC invocations=1911 (full 3):
 PSYoungGen      total 7168K, used 7156K [0x00000000d5580000, 0x00000000d6380000, 0x0000000100000000)
  eden space 5120K, 100% used [0x00000000d5580000,0x00000000d5a80000,0x00000000d5a80000)
  from space 2048K, 99% used [0x00000000d5a80000,0x00000000d5c7d390,0x00000000d5c80000)
  to   space 4608K, 0% used [0x00000000d5f00000,0x00000000d5f00000,0x00000000d6380000)
 ParOldGen       total 1269248K, used 1268951K [0x0000000080000000, 0x00000000cd780000, 0x00000000d5580000)
  object space 1269248K, 99% used [0x0000000080000000,0x00000000cd735c20,0x00000000cd780000)
 Metaspace       used 62316K, committed 63744K, reserved 1114112K
  class space    used 7196K, committed 7744K, reserved 1048576K
}
Event: 28.241 GC heap after
{Heap after GC invocations=1911 (full 3):
 PSYoungGen      total 6656K, used 1444K [0x00000000d5580000, 0x00000000d6080000, 0x0000000100000000)
  eden space 5120K, 0% used [0x00000000d5580000,0x00000000d5580000,0x00000000d5a80000)
  from space 1536K, 94% used [0x00000000d5f00000,0x00000000d6069008,0x00000000d6080000)
  to   space 2560K, 0% used [0x00000000d5b80000,0x00000000d5b80000,0x00000000d5e00000)
 ParOldGen       total 1270784K, used 1270316K [0x0000000080000000, 0x00000000cd900000, 0x00000000d5580000)
  object space 1270784K, 99% used [0x0000000080000000,0x00000000cd88b230,0x00000000cd900000)
 Metaspace       used 62316K, committed 63744K, reserved 1114112K
  class space    used 7196K, committed 7744K, reserved 1048576K
}
Event: 31.047 GC heap before
{Heap before GC invocations=1912 (full 3):
 PSYoungGen      total 6656K, used 6564K [0x00000000d5580000, 0x00000000d6080000, 0x0000000100000000)
  eden space 5120K, 100% used [0x00000000d5580000,0x00000000d5a80000,0x00000000d5a80000)
  from space 1536K, 94% used [0x00000000d5f00000,0x00000000d6069008,0x00000000d6080000)
  to   space 2560K, 0% used [0x00000000d5b80000,0x00000000d5b80000,0x00000000d5e00000)
 ParOldGen       total 1270784K, used 1270316K [0x0000000080000000, 0x00000000cd900000, 0x00000000d5580000)
  object space 1270784K, 99% used [0x0000000080000000,0x00000000cd88b230,0x00000000cd900000)
 Metaspace       used 62588K, committed 64000K, reserved 1114112K
  class space    used 7221K, committed 7744K, reserved 1048576K
}
Event: 31.049 GC heap after
{Heap after GC invocations=1912 (full 3):
 PSYoungGen      total 7680K, used 1136K [0x00000000d5580000, 0x00000000d5f80000, 0x0000000100000000)
  eden space 5120K, 0% used [0x00000000d5580000,0x00000000d5580000,0x00000000d5a80000)
  from space 2560K, 44% used [0x00000000d5b80000,0x00000000d5c9c010,0x00000000d5e00000)
  to   space 1536K, 0% used [0x00000000d5e00000,0x00000000d5e00000,0x00000000d5f80000)
 ParOldGen       total 1271808K, used 1271710K [0x0000000080000000, 0x00000000cda00000, 0x00000000d5580000)
  object space 1271808K, 99% used [0x0000000080000000,0x00000000cd9e7870,0x00000000cda00000)
 Metaspace       used 62588K, committed 64000K, reserved 1114112K
  class space    used 7221K, committed 7744K, reserved 1048576K
}
Event: 11527.839 GC heap before
{Heap before GC invocations=1913 (full 3):
 PSYoungGen      total 7680K, used 6256K [0x00000000d5580000, 0x00000000d5f80000, 0x0000000100000000)
  eden space 5120K, 100% used [0x00000000d5580000,0x00000000d5a80000,0x00000000d5a80000)
  from space 2560K, 44% used [0x00000000d5b80000,0x00000000d5c9c010,0x00000000d5e00000)
  to   space 1536K, 0% used [0x00000000d5e00000,0x00000000d5e00000,0x00000000d5f80000)
 ParOldGen       total 1271808K, used 1271710K [0x0000000080000000, 0x00000000cda00000, 0x00000000d5580000)
  object space 1271808K, 99% used [0x0000000080000000,0x00000000cd9e7870,0x00000000cda00000)
 Metaspace       used 62963K, committed 64384K, reserved 1114112K
  class space    used 7261K, committed 7808K, reserved 1048576K
}
Event: 11527.846 GC heap after
{Heap after GC invocations=1913 (full 3):
 PSYoungGen      total 5632K, used 480K [0x00000000d5580000, 0x00000000d5e80000, 0x0000000100000000)
  eden space 5120K, 0% used [0x00000000d5580000,0x00000000d5580000,0x00000000d5a80000)
  from space 512K, 93% used [0x00000000d5e00000,0x00000000d5e78020,0x00000000d5e80000)
  to   space 1024K, 0% used [0x00000000d5c80000,0x00000000d5c80000,0x00000000d5d80000)
 ParOldGen       total 1272832K, used 1272432K [0x0000000080000000, 0x00000000cdb00000, 0x00000000d5580000)
  object space 1272832K, 99% used [0x0000000080000000,0x00000000cda9c128,0x00000000cdb00000)
 Metaspace       used 62963K, committed 64384K, reserved 1114112K
  class space    used 7261K, committed 7808K, reserved 1048576K
}
Event: 11593.450 GC heap before
{Heap before GC invocations=1914 (full 3):
 PSYoungGen      total 5632K, used 5600K [0x00000000d5580000, 0x00000000d5e80000, 0x0000000100000000)
  eden space 5120K, 100% used [0x00000000d5580000,0x00000000d5a80000,0x00000000d5a80000)
  from space 512K, 93% used [0x00000000d5e00000,0x00000000d5e78020,0x00000000d5e80000)
  to   space 1024K, 0% used [0x00000000d5c80000,0x00000000d5c80000,0x00000000d5d80000)
 ParOldGen       total 1272832K, used 1272432K [0x0000000080000000, 0x00000000cdb00000, 0x00000000d5580000)
  object space 1272832K, 99% used [0x0000000080000000,0x00000000cda9c128,0x00000000cdb00000)
 Metaspace       used 63017K, committed 64384K, reserved 1114112K
  class space    used 7261K, committed 7808K, reserved 1048576K
}
Event: 11593.453 GC heap after
{Heap after GC invocations=1914 (full 3):
 PSYoungGen      total 6144K, used 384K [0x00000000d5580000, 0x00000000d5e80000, 0x0000000100000000)
  eden space 5120K, 0% used [0x00000000d5580000,0x00000000d5580000,0x00000000d5a80000)
  from space 1024K, 37% used [0x00000000d5c80000,0x00000000d5ce0000,0x00000000d5d80000)
  to   space 512K, 0% used [0x00000000d5e00000,0x00000000d5e00000,0x00000000d5e80000)
 ParOldGen       total 1272832K, used 1272656K [0x0000000080000000, 0x00000000cdb00000, 0x00000000d5580000)
  object space 1272832K, 99% used [0x0000000080000000,0x00000000cdad4128,0x00000000cdb00000)
 Metaspace       used 63017K, committed 64384K, reserved 1114112K
  class space    used 7261K, committed 7808K, reserved 1048576K
}
Event: 12655.524 GC heap before
{Heap before GC invocations=1915 (full 3):
 PSYoungGen      total 6144K, used 5504K [0x00000000d5580000, 0x00000000d5e80000, 0x0000000100000000)
  eden space 5120K, 100% used [0x00000000d5580000,0x00000000d5a80000,0x00000000d5a80000)
  from space 1024K, 37% used [0x00000000d5c80000,0x00000000d5ce0000,0x00000000d5d80000)
  to   space 512K, 0% used [0x00000000d5e00000,0x00000000d5e00000,0x00000000d5e80000)
 ParOldGen       total 1272832K, used 1272656K [0x0000000080000000, 0x00000000cdb00000, 0x00000000d5580000)
  object space 1272832K, 99% used [0x0000000080000000,0x00000000cdad4128,0x00000000cdb00000)
 Metaspace       used 63067K, committed 64448K, reserved 1114112K
  class space    used 7261K, committed 7808K, reserved 1048576K
}
Event: 12655.527 GC heap after
{Heap after GC invocations=1915 (full 3):
 PSYoungGen      total 5632K, used 192K [0x00000000d5580000, 0x00000000d5e80000, 0x0000000100000000)
  eden space 5120K, 0% used [0x00000000d5580000,0x00000000d5580000,0x00000000d5a80000)
  from space 512K, 37% used [0x00000000d5e00000,0x00000000d5e30000,0x00000000d5e80000)
  to   space 512K, 0% used [0x00000000d5d80000,0x00000000d5d80000,0x00000000d5e00000)
 ParOldGen       total 1272832K, used 1272712K [0x0000000080000000, 0x00000000cdb00000, 0x00000000d5580000)
  object space 1272832K, 99% used [0x0000000080000000,0x00000000cdae2128,0x00000000cdb00000)
 Metaspace       used 63067K, committed 64448K, reserved 1114112K
  class space    used 7261K, committed 7808K, reserved 1048576K
}

Dll operation events (13 events):
Event: 0.009 Loaded shared library c:\Users\Chuom LyDollar\.vscode\extensions\redhat.java-1.44.0-win32-x64\jre\21.0.8-win32-x86_64\bin\java.dll
Event: 0.080 Loaded shared library c:\Users\Chuom LyDollar\.vscode\extensions\redhat.java-1.44.0-win32-x64\jre\21.0.8-win32-x86_64\bin\zip.dll
Event: 0.097 Loaded shared library C:\Users\Chuom LyDollar\.vscode\extensions\redhat.java-1.44.0-win32-x64\jre\21.0.8-win32-x86_64\bin\instrument.dll
Event: 0.101 Loaded shared library C:\Users\Chuom LyDollar\.vscode\extensions\redhat.java-1.44.0-win32-x64\jre\21.0.8-win32-x86_64\bin\net.dll
Event: 0.102 Loaded shared library C:\Users\Chuom LyDollar\.vscode\extensions\redhat.java-1.44.0-win32-x64\jre\21.0.8-win32-x86_64\bin\nio.dll
Event: 0.106 Loaded shared library C:\Users\Chuom LyDollar\.vscode\extensions\redhat.java-1.44.0-win32-x64\jre\21.0.8-win32-x86_64\bin\zip.dll
Event: 0.121 Loaded shared library C:\Users\Chuom LyDollar\.vscode\extensions\redhat.java-1.44.0-win32-x64\jre\21.0.8-win32-x86_64\bin\jimage.dll
Event: 0.194 Loaded shared library c:\Users\Chuom LyDollar\.vscode\extensions\redhat.java-1.44.0-win32-x64\jre\21.0.8-win32-x86_64\bin\verify.dll
Event: 1.159 Loaded shared library C:\Users\Chuom LyDollar\AppData\Roaming\Code\User\globalStorage\redhat.java\1.44.0\config_win\org.eclipse.equinox.launcher\org.eclipse.equinox.launcher.win32.win32.x86_64_1.2.1400.v20250730-1736\eclipse_11913.dll
Event: 2.332 Loaded shared library C:\Users\Chuom LyDollar\AppData\Local\Temp\jna--210283973\jna11402518184605354489.dll
Event: 6.945 Loaded shared library C:\Users\Chuom LyDollar\.gradle\native\1def1411415f61bf3af743bc5b6707747c0891f09f0c88961ee8f79bc544acac\windows-amd64\native-platform.dll
Event: 7.827 Loaded shared library C:\Users\Chuom LyDollar\.vscode\extensions\redhat.java-1.44.0-win32-x64\jre\21.0.8-win32-x86_64\bin\management.dll
Event: 7.829 Loaded shared library C:\Users\Chuom LyDollar\.vscode\extensions\redhat.java-1.44.0-win32-x64\jre\21.0.8-win32-x86_64\bin\management_ext.dll

Deoptimization events (20 events):
Event: 305.539 Thread 0x000001aefeaf12d0 DEOPT PACKING pc=0x000001aeef880a8c sp=0x00000023c5dfeee0
Event: 305.539 Thread 0x000001aefeaf12d0 DEOPT UNPACKING pc=0x000001aeee853aa2 sp=0x00000023c5dfee98 mode 2
Event: 305.539 Thread 0x000001aefeaf12d0 Uncommon trap: trap_request=0xffffffde fr.pc=0x000001aeef880a8c relative=0x00000000000002ec
Event: 305.539 Thread 0x000001aefeaf12d0 Uncommon trap: reason=class_check action=maybe_recompile pc=0x000001aeef880a8c method=java.io.DataOutputStream.writeByte(I)V @ 5 c2
Event: 305.539 Thread 0x000001aefeaf12d0 DEOPT PACKING pc=0x000001aeef880a8c sp=0x00000023c5dfeee0
Event: 305.539 Thread 0x000001aefeaf12d0 DEOPT UNPACKING pc=0x000001aeee853aa2 sp=0x00000023c5dfee98 mode 2
Event: 305.539 Thread 0x000001aefeaf12d0 Uncommon trap: trap_request=0xffffffde fr.pc=0x000001aeef882b9c relative=0x00000000000004fc
Event: 305.539 Thread 0x000001aefeaf12d0 Uncommon trap: reason=class_check action=maybe_recompile pc=0x000001aeef882b9c method=java.io.DataOutputStream.writeInt(I)V @ 19 c2
Event: 305.539 Thread 0x000001aefeaf12d0 DEOPT PACKING pc=0x000001aeef882b9c sp=0x00000023c5dfed90
Event: 305.539 Thread 0x000001aefeaf12d0 DEOPT UNPACKING pc=0x000001aeee853aa2 sp=0x00000023c5dfed48 mode 2
Event: 305.539 Thread 0x000001aefeaf12d0 Uncommon trap: trap_request=0xffffffde fr.pc=0x000001aeef882b9c relative=0x00000000000004fc
Event: 305.539 Thread 0x000001aefeaf12d0 Uncommon trap: reason=class_check action=maybe_recompile pc=0x000001aeef882b9c method=java.io.DataOutputStream.writeInt(I)V @ 19 c2
Event: 305.539 Thread 0x000001aefeaf12d0 DEOPT PACKING pc=0x000001aeef882b9c sp=0x00000023c5dfed20
Event: 305.539 Thread 0x000001aefeaf12d0 DEOPT UNPACKING pc=0x000001aeee853aa2 sp=0x00000023c5dfecd8 mode 2
Event: 1181.913 Thread 0x000001aec74e04e0 Uncommon trap: trap_request=0xffffff45 fr.pc=0x000001aeef327b00 relative=0x00000000000002c0
Event: 1181.913 Thread 0x000001aec74e04e0 Uncommon trap: reason=unstable_if action=reinterpret pc=0x000001aeef327b00 method=org.eclipse.core.runtime.Path.equals(Ljava/lang/Object;)Z @ 120 c2
Event: 1181.913 Thread 0x000001aec74e04e0 DEOPT PACKING pc=0x000001aeef327b00 sp=0x00000023c76fee20
Event: 1181.913 Thread 0x000001aec74e04e0 DEOPT UNPACKING pc=0x000001aeee853aa2 sp=0x00000023c76fedb0 mode 2
Event: 11547.970 Thread 0x000001aec74e04e0 DEOPT PACKING pc=0x000001aee848275b sp=0x00000023c76fe630
Event: 11547.970 Thread 0x000001aec74e04e0 DEOPT UNPACKING pc=0x000001aeee854242 sp=0x00000023c76fdb50 mode 0

Classes loaded (20 events):
Event: 31.073 Loading class sun/nio/cs/Surrogate$Parser
Event: 31.073 Loading class sun/nio/cs/Surrogate$Parser done
Event: 31.073 Loading class sun/nio/cs/Surrogate
Event: 31.073 Loading class sun/nio/cs/Surrogate done
Event: 305.522 Loading class java/util/stream/Nodes$CollectorTask$OfRef
Event: 305.523 Loading class java/util/stream/Nodes$CollectorTask
Event: 305.523 Loading class java/util/stream/Nodes$CollectorTask done
Event: 305.523 Loading class java/util/stream/Nodes$CollectorTask$OfRef done
Event: 305.523 Loading class java/util/function/LongFunction
Event: 305.524 Loading class java/util/function/LongFunction done
Event: 305.524 Loading class java/util/stream/Nodes$ConcNode
Event: 305.524 Loading class java/util/stream/Nodes$AbstractConcNode
Event: 305.524 Loading class java/util/stream/Nodes$AbstractConcNode done
Event: 305.525 Loading class java/util/stream/Nodes$ConcNode done
Event: 305.531 Loading class java/io/ObjectOutputStream$BlockDataOutputStream
Event: 305.531 Loading class java/io/ObjectOutputStream$BlockDataOutputStream done
Event: 305.531 Loading class java/io/ObjectOutputStream$HandleTable
Event: 305.531 Loading class java/io/ObjectOutputStream$HandleTable done
Event: 305.532 Loading class java/io/ObjectOutputStream$ReplaceTable
Event: 305.532 Loading class java/io/ObjectOutputStream$ReplaceTable done

Classes unloaded (7 events):
Event: 2.684 Thread 0x000001aee4260940 Unloading class 0x000001ae811a6800 'java/lang/invoke/LambdaForm$MH+0x000001ae811a6800'
Event: 2.684 Thread 0x000001aee4260940 Unloading class 0x000001ae811a6400 'java/lang/invoke/LambdaForm$MH+0x000001ae811a6400'
Event: 2.684 Thread 0x000001aee4260940 Unloading class 0x000001ae811a6000 'java/lang/invoke/LambdaForm$MH+0x000001ae811a6000'
Event: 2.684 Thread 0x000001aee4260940 Unloading class 0x000001ae811a5c00 'java/lang/invoke/LambdaForm$MH+0x000001ae811a5c00'
Event: 2.684 Thread 0x000001aee4260940 Unloading class 0x000001ae811a5800 'java/lang/invoke/LambdaForm$BMH+0x000001ae811a5800'
Event: 2.684 Thread 0x000001aee4260940 Unloading class 0x000001ae811a5400 'java/lang/invoke/LambdaForm$DMH+0x000001ae811a5400'
Event: 2.684 Thread 0x000001aee4260940 Unloading class 0x000001ae811a4000 'java/lang/invoke/LambdaForm$DMH+0x000001ae811a4000'

Classes redefined (0 events):
No events

Internal exceptions (20 events):
Event: 27.358 Thread 0x000001aefeaf0c40 Exception <a 'sun/nio/fs/WindowsException'{0x00000000d55bbad8}> (0x00000000d55bbad8) 
thrown [s\src\hotspot\share\prims\jni.cpp, line 520]
Event: 27.365 Thread 0x000001aefeaf0c40 Exception <a 'sun/nio/fs/WindowsException'{0x00000000d55d8d48}> (0x00000000d55d8d48) 
thrown [s\src\hotspot\share\prims\jni.cpp, line 520]
Event: 27.392 Thread 0x000001aefeaf0c40 Exception <a 'sun/nio/fs/WindowsException'{0x00000000d563c230}> (0x00000000d563c230) 
thrown [s\src\hotspot\share\prims\jni.cpp, line 520]
Event: 27.496 Thread 0x000001aefeaf0c40 Exception <a 'sun/nio/fs/WindowsException'{0x00000000d56f73c8}> (0x00000000d56f73c8) 
thrown [s\src\hotspot\share\prims\jni.cpp, line 520]
Event: 27.519 Thread 0x000001aefeaf0c40 Exception <a 'sun/nio/fs/WindowsException'{0x00000000d5827340}> (0x00000000d5827340) 
thrown [s\src\hotspot\share\prims\jni.cpp, line 520]
Event: 27.651 Thread 0x000001aefeaf0c40 Exception <a 'sun/nio/fs/WindowsException'{0x00000000d59775e8}> (0x00000000d59775e8) 
thrown [s\src\hotspot\share\prims\jni.cpp, line 520]
Event: 27.700 Thread 0x000001aefeaf0c40 Exception <a 'sun/nio/fs/WindowsException'{0x00000000d56a50e0}> (0x00000000d56a50e0) 
thrown [s\src\hotspot\share\prims\jni.cpp, line 520]
Event: 27.723 Thread 0x000001aefeaf0c40 Exception <a 'sun/nio/fs/WindowsException'{0x00000000d5773e98}> (0x00000000d5773e98) 
thrown [s\src\hotspot\share\prims\jni.cpp, line 520]
Event: 27.748 Thread 0x000001aefeaf0c40 Exception <a 'sun/nio/fs/WindowsException'{0x00000000d5621c18}> (0x00000000d5621c18) 
thrown [s\src\hotspot\share\prims\jni.cpp, line 520]
Event: 27.771 Thread 0x000001aefeaf0c40 Exception <a 'sun/nio/fs/WindowsException'{0x00000000d56ca108}> (0x00000000d56ca108) 
thrown [s\src\hotspot\share\prims\jni.cpp, line 520]
Event: 27.793 Thread 0x000001aefeaf0c40 Exception <a 'sun/nio/fs/WindowsException'{0x00000000d573b790}> (0x00000000d573b790) 
thrown [s\src\hotspot\share\prims\jni.cpp, line 520]
Event: 27.797 Thread 0x000001aefeaf0c40 Exception <a 'sun/nio/fs/WindowsException'{0x00000000d576c1a0}> (0x00000000d576c1a0) 
thrown [s\src\hotspot\share\prims\jni.cpp, line 520]
Event: 27.822 Thread 0x000001aefeaf0c40 Exception <a 'sun/nio/fs/WindowsException'{0x00000000d5595068}> (0x00000000d5595068) 
thrown [s\src\hotspot\share\prims\jni.cpp, line 520]
Event: 27.866 Thread 0x000001aefeaf0c40 Exception <a 'sun/nio/fs/WindowsException'{0x00000000d55effc8}> (0x00000000d55effc8) 
thrown [s\src\hotspot\share\prims\jni.cpp, line 520]
Event: 27.912 Thread 0x000001aefeaf0c40 Exception <a 'sun/nio/fs/WindowsException'{0x00000000d5a28bf8}> (0x00000000d5a28bf8) 
thrown [s\src\hotspot\share\prims\jni.cpp, line 520]
Event: 27.974 Thread 0x000001aefeaf0c40 Exception <a 'sun/nio/fs/WindowsException'{0x00000000d576b4c8}> (0x00000000d576b4c8) 
thrown [s\src\hotspot\share\prims\jni.cpp, line 520]
Event: 28.002 Thread 0x000001aefeaf0c40 Exception <a 'sun/nio/fs/WindowsException'{0x00000000d5936f20}> (0x00000000d5936f20) 
thrown [s\src\hotspot\share\prims\jni.cpp, line 520]
Event: 31.045 Thread 0x000001aefe35ef70 Implicit null exception at 0x000001aeef245a3f to 0x000001aeef245dc8
Event: 305.541 Thread 0x000001aefeaf12d0 Exception <a 'java/lang/NoSuchMethodError'{0x00000000d583e580}: 'java.lang.Object java.lang.invoke.DirectMethodHandle$Holder.newInvokeSpecial(java.lang.Object, java.lang.Object, java.lang.Object, java.lang.Object, java.lang.Object, java.lang.Object, java.lang.Object, java.lang.Object)'> (0x00000000d583e580) 
thrown [s\src\hotspot\share\interpreter\linkResolver.cpp, line 773]
Event: 11527.833 Thread 0x000001aefe70caa0 Exception <a 'java/lang/NoSuchMethodError'{0x00000000d5a0b160}: 'java.lang.Object java.lang.invoke.DirectMethodHandle$Holder.invokeStaticInit(java.lang.Object, java.lang.Object, java.lang.Object)'> (0x00000000d5a0b160) 
thrown [s\src\hotspot\share\interpreter\linkResolver.cpp, line 773]

ZGC Phase Switch (0 events):
No events

VM Operations (20 events):
Event: 12126.214 Executing VM operation: RendezvousGCThreads
Event: 12126.214 Executing VM operation: RendezvousGCThreads done
Event: 12186.448 Executing VM operation: HandshakeAllThreads (HandshakeForDeflation)
Event: 12186.448 Executing VM operation: HandshakeAllThreads (HandshakeForDeflation) done
Event: 12186.448 Executing VM operation: RendezvousGCThreads
Event: 12186.448 Executing VM operation: RendezvousGCThreads done
Event: 12246.515 Executing VM operation: HandshakeAllThreads (HandshakeForDeflation)
Event: 12246.515 Executing VM operation: HandshakeAllThreads (HandshakeForDeflation) done
Event: 12246.515 Executing VM operation: RendezvousGCThreads
Event: 12246.515 Executing VM operation: RendezvousGCThreads done
Event: 12427.012 Executing VM operation: HandshakeAllThreads (HandshakeForDeflation)
Event: 12427.012 Executing VM operation: HandshakeAllThreads (HandshakeForDeflation) done
Event: 12427.012 Executing VM operation: RendezvousGCThreads
Event: 12427.012 Executing VM operation: RendezvousGCThreads done
Event: 12655.524 Executing VM operation: ParallelGCFailedAllocation (Allocation Failure)
Event: 12655.527 Executing VM operation: ParallelGCFailedAllocation (Allocation Failure) done
Event: 12667.584 Executing VM operation: HandshakeAllThreads (HandshakeForDeflation)
Event: 12667.585 Executing VM operation: HandshakeAllThreads (HandshakeForDeflation) done
Event: 12667.585 Executing VM operation: RendezvousGCThreads
Event: 12667.585 Executing VM operation: RendezvousGCThreads done

Memory protections (0 events):
No events

Nmethod flushes (20 events):
Event: 7.699 Thread 0x000001aee4260940 flushing  nmethod 0x000001aee7d43c90
Event: 7.699 Thread 0x000001aee4260940 flushing  nmethod 0x000001aee7d44010
Event: 7.699 Thread 0x000001aee4260940 flushing  nmethod 0x000001aee7d44890
Event: 7.699 Thread 0x000001aee4260940 flushing  nmethod 0x000001aee7d46b10
Event: 7.699 Thread 0x000001aee4260940 flushing  nmethod 0x000001aee7d53e90
Event: 7.699 Thread 0x000001aee4260940 flushing  nmethod 0x000001aee7d5df10
Event: 7.699 Thread 0x000001aee4260940 flushing  nmethod 0x000001aee7d5e490
Event: 7.699 Thread 0x000001aee4260940 flushing  nmethod 0x000001aee7d5ef90
Event: 7.699 Thread 0x000001aee4260940 flushing  nmethod 0x000001aee7d64e90
Event: 7.699 Thread 0x000001aee4260940 flushing  nmethod 0x000001aee7d7ae90
Event: 7.699 Thread 0x000001aee4260940 flushing  nmethod 0x000001aee7d90390
Event: 7.699 Thread 0x000001aee4260940 flushing  nmethod 0x000001aee7d92890
Event: 7.699 Thread 0x000001aee4260940 flushing  nmethod 0x000001aee7d9c110
Event: 7.699 Thread 0x000001aee4260940 flushing osr nmethod 0x000001aee7dafb10
Event: 7.699 Thread 0x000001aee4260940 flushing  nmethod 0x000001aee7dc3f10
Event: 7.699 Thread 0x000001aee4260940 flushing  nmethod 0x000001aee7de9790
Event: 7.699 Thread 0x000001aee4260940 flushing  nmethod 0x000001aee7e2e990
Event: 7.699 Thread 0x000001aee4260940 flushing  nmethod 0x000001aee7e30290
Event: 7.699 Thread 0x000001aee4260940 flushing  nmethod 0x000001aee7e35790
Event: 7.699 Thread 0x000001aee4260940 flushing  nmethod 0x000001aee7e45010

Events (20 events):
Event: 305.520 Thread 0x000001aefeaf12d0 Thread added: 0x000001aefe70ff20
Event: 305.525 Thread 0x000001aefe70ff20 Thread exited: 0x000001aefe70ff20
Event: 306.203 Thread 0x000001aec8e644f0 Thread exited: 0x000001aec8e644f0
Event: 328.263 Thread 0x000001aeca4fd020 Thread exited: 0x000001aeca4fd020
Event: 366.203 Thread 0x000001aec8e62420 Thread exited: 0x000001aec8e62420
Event: 388.263 Thread 0x000001aec8e665c0 Thread exited: 0x000001aec8e665c0
Event: 426.203 Thread 0x000001aec8e63140 Thread exited: 0x000001aec8e63140
Event: 448.264 Thread 0x000001aec8e65210 Thread exited: 0x000001aec8e65210
Event: 508.274 Thread 0x000001aec8e67970 Thread exited: 0x000001aec8e67970
Event: 568.279 Thread 0x000001aeca4fd6b0 Thread exited: 0x000001aeca4fd6b0
Event: 628.294 Thread 0x000001aefe70c410 Thread exited: 0x000001aefe70c410
Event: 688.295 Thread 0x000001aeca4faf50 Thread exited: 0x000001aeca4faf50
Event: 748.310 Thread 0x000001aeca4fbc70 Thread exited: 0x000001aeca4fbc70
Event: 808.319 Thread 0x000001aec8e66c50 Thread exited: 0x000001aec8e66c50
Event: 868.319 Thread 0x000001aeca4fc990 Thread exited: 0x000001aeca4fc990
Event: 928.320 Thread 0x000001aeca4fc300 Thread exited: 0x000001aeca4fc300
Event: 11527.804 Thread 0x000001aec74e1f20 Thread added: 0x000001aefe70caa0
Event: 11527.848 Thread 0x000001aefe70caa0 Thread added: 0x000001aefe70d130
Event: 11587.857 Thread 0x000001aefe70caa0 Thread exited: 0x000001aefe70caa0
Event: 11647.866 Thread 0x000001aefe70d130 Thread exited: 0x000001aefe70d130


Dynamic libraries:
0x00007ff764f70000 - 0x00007ff764f7e000 	c:\Users\Chuom LyDollar\.vscode\extensions\redhat.java-1.44.0-win32-x64\jre\21.0.8-win32-x86_64\bin\java.exe
0x00007ffee9dd0000 - 0x00007ffee9fe7000 	C:\Windows\SYSTEM32\ntdll.dll
0x00007ffee8c60000 - 0x00007ffee8d24000 	C:\Windows\System32\KERNEL32.DLL
0x00007ffee74e0000 - 0x00007ffee78b2000 	C:\Windows\System32\KERNELBASE.dll
0x00007ffee73c0000 - 0x00007ffee74d1000 	C:\Windows\System32\ucrtbase.dll
0x00007ffec4090000 - 0x00007ffec40ae000 	c:\Users\Chuom LyDollar\.vscode\extensions\redhat.java-1.44.0-win32-x64\jre\21.0.8-win32-x86_64\bin\VCRUNTIME140.dll
0x00007ffed8230000 - 0x00007ffed8248000 	c:\Users\Chuom LyDollar\.vscode\extensions\redhat.java-1.44.0-win32-x64\jre\21.0.8-win32-x86_64\bin\jli.dll
0x00007ffee9090000 - 0x00007ffee9241000 	C:\Windows\System32\USER32.dll
0x00007ffec5260000 - 0x00007ffec54fb000 	C:\Windows\WinSxS\amd64_microsoft.windows.common-controls_6595b64144ccf1df_6.0.22621.5547_none_27104afb73855772\COMCTL32.dll
0x00007ffee78f0000 - 0x00007ffee7916000 	C:\Windows\System32\win32u.dll
0x00007ffee9c30000 - 0x00007ffee9cd7000 	C:\Windows\System32\msvcrt.dll
0x00007ffee9040000 - 0x00007ffee9069000 	C:\Windows\System32\GDI32.dll
0x00007ffee6ec0000 - 0x00007ffee6fe3000 	C:\Windows\System32\gdi32full.dll
0x00007ffee7160000 - 0x00007ffee71fa000 	C:\Windows\System32\msvcp_win.dll
0x00007ffee8d30000 - 0x00007ffee8d61000 	C:\Windows\System32\IMM32.DLL
0x00007ffedef40000 - 0x00007ffedef4c000 	c:\Users\Chuom LyDollar\.vscode\extensions\redhat.java-1.44.0-win32-x64\jre\21.0.8-win32-x86_64\bin\vcruntime140_1.dll
0x00007ffeba260000 - 0x00007ffeba2ed000 	c:\Users\Chuom LyDollar\.vscode\extensions\redhat.java-1.44.0-win32-x64\jre\21.0.8-win32-x86_64\bin\msvcp140.dll
0x00007ffe14760000 - 0x00007ffe154f7000 	c:\Users\Chuom LyDollar\.vscode\extensions\redhat.java-1.44.0-win32-x64\jre\21.0.8-win32-x86_64\bin\server\jvm.dll
0x00007ffee9250000 - 0x00007ffee9301000 	C:\Windows\System32\ADVAPI32.dll
0x00007ffee9ce0000 - 0x00007ffee9d88000 	C:\Windows\System32\sechost.dll
0x00007ffee78c0000 - 0x00007ffee78e8000 	C:\Windows\System32\bcrypt.dll
0x00007ffee9320000 - 0x00007ffee9434000 	C:\Windows\System32\RPCRT4.dll
0x00007ffee8be0000 - 0x00007ffee8c51000 	C:\Windows\System32\WS2_32.dll
0x00007ffede610000 - 0x00007ffede644000 	C:\Windows\SYSTEM32\WINMM.dll
0x00007ffee6d90000 - 0x00007ffee6ddd000 	C:\Windows\SYSTEM32\POWRPROF.dll
0x00007ffedb520000 - 0x00007ffedb52a000 	C:\Windows\SYSTEM32\VERSION.dll
0x00007ffee6d70000 - 0x00007ffee6d83000 	C:\Windows\SYSTEM32\UMPDC.dll
0x00007ffee5eb0000 - 0x00007ffee5ec8000 	C:\Windows\SYSTEM32\kernel.appcore.dll
0x00007ffed7c50000 - 0x00007ffed7c5a000 	c:\Users\Chuom LyDollar\.vscode\extensions\redhat.java-1.44.0-win32-x64\jre\21.0.8-win32-x86_64\bin\jimage.dll
0x00007ffee4620000 - 0x00007ffee4853000 	C:\Windows\SYSTEM32\DBGHELP.DLL
0x00007ffee7bb0000 - 0x00007ffee7f43000 	C:\Windows\System32\combase.dll
0x00007ffee8f00000 - 0x00007ffee8fd7000 	C:\Windows\System32\OLEAUT32.dll
0x00007ffed9930000 - 0x00007ffed9962000 	C:\Windows\SYSTEM32\dbgcore.DLL
0x00007ffee79e0000 - 0x00007ffee7a5b000 	C:\Windows\System32\bcryptPrimitives.dll
0x00007ffed79d0000 - 0x00007ffed79df000 	c:\Users\Chuom LyDollar\.vscode\extensions\redhat.java-1.44.0-win32-x64\jre\21.0.8-win32-x86_64\bin\instrument.dll
0x00007ffebe3c0000 - 0x00007ffebe3df000 	c:\Users\Chuom LyDollar\.vscode\extensions\redhat.java-1.44.0-win32-x64\jre\21.0.8-win32-x86_64\bin\java.dll
0x00007ffee8330000 - 0x00007ffee8bd2000 	C:\Windows\System32\SHELL32.dll
0x00007ffee7280000 - 0x00007ffee73bf000 	C:\Windows\System32\wintypes.dll
0x00007ffee4da0000 - 0x00007ffee56bd000 	C:\Windows\SYSTEM32\windows.storage.dll
0x00007ffee8df0000 - 0x00007ffee8efc000 	C:\Windows\System32\SHCORE.dll
0x00007ffee8160000 - 0x00007ffee81c9000 	C:\Windows\System32\shlwapi.dll
0x00007ffee6df0000 - 0x00007ffee6e1b000 	C:\Windows\SYSTEM32\profapi.dll
0x00007ffebe260000 - 0x00007ffebe278000 	c:\Users\Chuom LyDollar\.vscode\extensions\redhat.java-1.44.0-win32-x64\jre\21.0.8-win32-x86_64\bin\zip.dll
0x00007ffed7b80000 - 0x00007ffed7b90000 	C:\Users\Chuom LyDollar\.vscode\extensions\redhat.java-1.44.0-win32-x64\jre\21.0.8-win32-x86_64\bin\net.dll
0x00007ffee0110000 - 0x00007ffee023c000 	C:\Windows\SYSTEM32\WINHTTP.dll
0x00007ffee6320000 - 0x00007ffee6389000 	C:\Windows\system32\mswsock.dll
0x00007ffebe1e0000 - 0x00007ffebe1f6000 	C:\Users\Chuom LyDollar\.vscode\extensions\redhat.java-1.44.0-win32-x64\jre\21.0.8-win32-x86_64\bin\nio.dll
0x00007ffed73b0000 - 0x00007ffed73c0000 	c:\Users\Chuom LyDollar\.vscode\extensions\redhat.java-1.44.0-win32-x64\jre\21.0.8-win32-x86_64\bin\verify.dll
0x00007ffe90b50000 - 0x00007ffe90b95000 	C:\Users\Chuom LyDollar\AppData\Roaming\Code\User\globalStorage\redhat.java\1.44.0\config_win\org.eclipse.equinox.launcher\org.eclipse.equinox.launcher.win32.win32.x86_64_1.2.1400.v20250730-1736\eclipse_11913.dll
0x00007ffee7fc0000 - 0x00007ffee8160000 	C:\Windows\System32\ole32.dll
0x00007ffee6670000 - 0x00007ffee668b000 	C:\Windows\SYSTEM32\CRYPTSP.dll
0x00007ffee5e10000 - 0x00007ffee5e47000 	C:\Windows\system32\rsaenh.dll
0x00007ffee63c0000 - 0x00007ffee63e8000 	C:\Windows\SYSTEM32\USERENV.dll
0x00007ffee6650000 - 0x00007ffee665c000 	C:\Windows\SYSTEM32\CRYPTBASE.dll
0x00007ffee5910000 - 0x00007ffee593d000 	C:\Windows\SYSTEM32\IPHLPAPI.DLL
0x00007ffee7ba0000 - 0x00007ffee7ba9000 	C:\Windows\System32\NSI.dll
0x00007ffeb9ee0000 - 0x00007ffeb9f29000 	C:\Users\Chuom LyDollar\AppData\Local\Temp\jna--210283973\jna11402518184605354489.dll
0x00007ffee9310000 - 0x00007ffee9318000 	C:\Windows\System32\PSAPI.DLL
0x00007ffedff80000 - 0x00007ffedff99000 	C:\Windows\SYSTEM32\dhcpcsvc6.DLL
0x00007ffedff60000 - 0x00007ffedff7f000 	C:\Windows\SYSTEM32\dhcpcsvc.DLL
0x00007ffed81b0000 - 0x00007ffed81d7000 	C:\Users\Chuom LyDollar\.gradle\native\1def1411415f61bf3af743bc5b6707747c0891f09f0c88961ee8f79bc544acac\windows-amd64\native-platform.dll
0x00007ffed73d0000 - 0x00007ffed73da000 	C:\Users\Chuom LyDollar\.vscode\extensions\redhat.java-1.44.0-win32-x64\jre\21.0.8-win32-x86_64\bin\management.dll
0x00007ffebe2e0000 - 0x00007ffebe2eb000 	C:\Users\Chuom LyDollar\.vscode\extensions\redhat.java-1.44.0-win32-x64\jre\21.0.8-win32-x86_64\bin\management_ext.dll

JVMTI agents:
c:\Users\Chuom LyDollar\.vscode\extensions\redhat.java-1.44.0-win32-x64\lombok\lombok-1.18.39-4050.jar path:c:\Users\Chuom LyDollar\.vscode\extensions\redhat.java-1.44.0-win32-x64\jre\21.0.8-win32-x86_64\bin\instrument.dll, loaded, initialized, instrumentlib options:none

dbghelp: loaded successfully - version: 4.0.5 - missing functions: none
symbol engine: initialized successfully - sym options: 0x614 - pdb path: .;c:\Users\Chuom LyDollar\.vscode\extensions\redhat.java-1.44.0-win32-x64\jre\21.0.8-win32-x86_64\bin;C:\Windows\SYSTEM32;C:\Windows\WinSxS\amd64_microsoft.windows.common-controls_6595b64144ccf1df_6.0.22621.5547_none_27104afb73855772;c:\Users\Chuom LyDollar\.vscode\extensions\redhat.java-1.44.0-win32-x64\jre\21.0.8-win32-x86_64\bin\server;C:\Users\Chuom LyDollar\AppData\Roaming\Code\User\globalStorage\redhat.java\1.44.0\config_win\org.eclipse.equinox.launcher\org.eclipse.equinox.launcher.win32.win32.x86_64_1.2.1400.v20250730-1736;C:\Users\Chuom LyDollar\AppData\Local\Temp\jna--210283973;C:\Users\Chuom LyDollar\.gradle\native\1def1411415f61bf3af743bc5b6707747c0891f09f0c88961ee8f79bc544acac\windows-amd64

VM Arguments:
jvm_args: --add-modules=ALL-SYSTEM --add-opens=java.base/java.util=ALL-UNNAMED --add-opens=java.base/java.lang=ALL-UNNAMED --add-opens=java.base/sun.nio.fs=ALL-UNNAMED -Declipse.application=org.eclipse.jdt.ls.core.id1 -Dosgi.bundles.defaultStartLevel=4 -Declipse.product=org.eclipse.jdt.ls.core.product -Djava.import.generatesMetadataFilesAtProjectRoot=false -DDetectVMInstallationsJob.disabled=true -Dfile.encoding=utf8 -XX:+UseParallelGC -XX:GCTimeRatio=4 -XX:AdaptiveSizePolicyWeight=90 -Dsun.zip.disableMemoryMapping=true -Xmx2G -Xms100m -Xlog:disable -javaagent:c:\Users\Chuom LyDollar\.vscode\extensions\redhat.java-1.44.0-win32-x64\lombok\lombok-1.18.39-4050.jar -XX:+HeapDumpOnOutOfMemoryError -XX:HeapDumpPath=c:\Users\Chuom LyDollar\AppData\Roaming\Code\User\workspaceStorage\14c3d2e0f7c0c2cf9f80eca2900b5e24\redhat.java -Daether.dependencyCollector.impl=bf 
java_command: c:\Users\Chuom LyDollar\.vscode\extensions\redhat.java-1.44.0-win32-x64\server\plugins\org.eclipse.equinox.launcher_1.7.0.v20250519-0528.jar -configuration c:\Users\Chuom LyDollar\AppData\Roaming\Code\User\globalStorage\redhat.java\1.44.0\config_win -data c:\Users\Chuom LyDollar\AppData\Roaming\Code\User\workspaceStorage\14c3d2e0f7c0c2cf9f80eca2900b5e24\redhat.java\jdt_ws --pipe=\\.\pipe\lsp-d23aad8aa0d275c505656deb2b0150e3-sock
java_class_path (initial): c:\Users\Chuom LyDollar\.vscode\extensions\redhat.java-1.44.0-win32-x64\server\plugins\org.eclipse.equinox.launcher_1.7.0.v20250519-0528.jar
Launcher Type: SUN_STANDARD

[Global flags]
    uintx AdaptiveSizePolicyWeight                 = 90                                        {product} {command line}
     intx CICompilerCount                          = 12                                        {product} {ergonomic}
    uintx GCTimeRatio                              = 4                                         {product} {command line}
     bool HeapDumpOnOutOfMemoryError               = true                                   {manageable} {command line}
    ccstr HeapDumpPath                             = c:\Users\Chuom LyDollar\AppData\Roaming\Code\User\workspaceStorage\14c3d2e0f7c0c2cf9f80eca2900b5e24\redhat.java         {manageable} {command line}
   size_t InitialHeapSize                          = 104857600                                 {product} {command line}
   size_t MaxHeapSize                              = 2147483648                                {product} {command line}
   size_t MaxNewSize                               = 715653120                                 {product} {ergonomic}
   size_t MinHeapDeltaBytes                        = 524288                                    {product} {ergonomic}
   size_t MinHeapSize                              = 104857600                                 {product} {command line}
   size_t NewSize                                  = 34603008                                  {product} {ergonomic}
    uintx NonNMethodCodeHeapSize                   = 7602480                                {pd product} {ergonomic}
    uintx NonProfiledCodeHeapSize                  = 122027880                              {pd product} {ergonomic}
   size_t OldSize                                  = 70254592                                  {product} {ergonomic}
    uintx ProfiledCodeHeapSize                     = 122027880                              {pd product} {ergonomic}
    uintx ReservedCodeCacheSize                    = 251658240                              {pd product} {ergonomic}
     bool SegmentedCodeCache                       = true                                      {product} {ergonomic}
   size_t SoftMaxHeapSize                          = 2147483648                             {manageable} {ergonomic}
     bool UseCompressedOops                        = true                           {product lp64_product} {ergonomic}
     bool UseLargePagesIndividualAllocation        = false                                  {pd product} {ergonomic}
     bool UseParallelGC                            = true                                      {product} {command line}

Logging:
Log output configuration:
 #0: stdout all=off uptime,level,tags foldmultilines=false
 #1: stderr all=off uptime,level,tags foldmultilines=false

Environment Variables:
PATH=C:\Program Files\Eclipse Adoptium\jdk-21.0.7.6-hotspot\bin;C:\Python312\Scripts\;C:\Python312\;C:\Program Files\Common Files\Oracle\Java\javapath;C:\Program Files (x86)\Common Files\Intel\Shared Libraries\redist\intel64\compiler;C:\Program Files (x86)\VMware\VMware Player\bin\;C:\Program Files\Microsoft\jdk-11.0.16.101-hotspot\bin;C:\Windows\system32;C:\Windows;C:\Windows\System32\Wbem;C:\Windows\System32\WindowsPowerShell\v1.0\;C:\Windows\System32\OpenSSH\;C:\Program Files\dotnet\;C:\Program Files\NVIDIA Corporation\NVIDIA NvDLISR;C:\Program Files (x86)\NVIDIA Corporation\PhysX\Common;C:\Program Files\Git\cmd;C:\Program Files (x86)\Microsoft SQL Server\160\Tools\Binn\;C:\Program Files\Microsoft SQL Server\160\Tools\Binn\;C:\Program Files\Microsoft SQL Server\Client SDK\ODBC\170\Tools\Binn\;C:\Program Files\Microsoft SQL Server\160\DTS\Binn\;C:\Program Files (x86)\Microsoft SQL Server\160\DTS\Binn\;C:\Program Files\Microsoft SQL Server\150\Tools\Binn\;C:\ProgramData\chocolatey\bin;C:\Program Files\Cloudflare\Cloudflare WARP\;C:\Program Files (x86)\Windows Kits\10\Windows Performance Toolkit\;C:\Program Files\nodejs\;F:\Program Files\PHP;C:\composer;C:\Users\Chuom LyDollar\AppData\Roaming\npm;C:\Users\Chuom LyDollar\AppData\Local\Microsoft\WindowsApps;C:\Users\Chuom LyDollar\AppData\Local\Programs\Microsoft VS Code\bin;C:\Users\Chuom LyDollar\AppData\Local\GitHubDesktop\bin;C:\Users\Chuom LyDollar\.dotnet\tools;C:\Users\Chuom LyDollar\AppData\Roaming\npm;C:\Users\Chuom LyDollar\AppData\Roaming\Composer\vendor\bin;D:\Progs\Kotlin\kotlinc\bin;
USERNAME=Chuom LyDollar
OS=Windows_NT
PROCESSOR_IDENTIFIER=Intel64 Family 6 Model 154 Stepping 3, GenuineIntel
TMP=C:\Users\CHUOML~1\AppData\Local\Temp
TEMP=C:\Users\CHUOML~1\AppData\Local\Temp




Periodic native trim disabled

---------------  S Y S T E M  ---------------

OS:
 Windows 11 , 64 bit Build 22621 (10.0.22621.5415)
OS uptime: 5 days 0:38 hours
Hyper-V role detected

CPU: total 16 (initial active 16) (8 cores per cpu, 2 threads per core) family 6 model 154 stepping 3 microcode 0x437, cx8, cmov, fxsr, ht, mmx, 3dnowpref, sse, sse2, sse3, ssse3, sse4.1, sse4.2, popcnt, lzcnt, tsc, tscinvbit, avx, avx2, aes, erms, clmul, bmi1, bmi2, adx, sha, fma, vzeroupper, clflush, clflushopt, clwb, hv, serialize, rdtscp, rdpid, fsrm, f16c, cet_ibt, cet_ss
Processor Information for processor 0
  Max Mhz: 2500, Current Mhz: 2500, Mhz Limit: 2500
Processor Information for processor 1
  Max Mhz: 2500, Current Mhz: 2500, Mhz Limit: 2500
Processor Information for processor 2
  Max Mhz: 2500, Current Mhz: 2500, Mhz Limit: 2500
Processor Information for processor 3
  Max Mhz: 2500, Current Mhz: 2500, Mhz Limit: 2500
Processor Information for processor 4
  Max Mhz: 2500, Current Mhz: 2500, Mhz Limit: 2500
Processor Information for processor 5
  Max Mhz: 2500, Current Mhz: 2500, Mhz Limit: 2500
Processor Information for processor 6
  Max Mhz: 2500, Current Mhz: 2500, Mhz Limit: 2500
Processor Information for processor 7
  Max Mhz: 2500, Current Mhz: 2500, Mhz Limit: 2500
Processor Information for processor 8
  Max Mhz: 2500, Current Mhz: 1527, Mhz Limit: 2500
Processor Information for processor 9
  Max Mhz: 2500, Current Mhz: 1527, Mhz Limit: 2500
Processor Information for processor 10
  Max Mhz: 2500, Current Mhz: 1527, Mhz Limit: 2500
Processor Information for processor 11
  Max Mhz: 2500, Current Mhz: 1527, Mhz Limit: 2500
Processor Information for processor 12
  Max Mhz: 2500, Current Mhz: 1527, Mhz Limit: 2500
Processor Information for processor 13
  Max Mhz: 2500, Current Mhz: 1527, Mhz Limit: 2500
Processor Information for processor 14
  Max Mhz: 2500, Current Mhz: 1527, Mhz Limit: 2500
Processor Information for processor 15
  Max Mhz: 2500, Current Mhz: 1527, Mhz Limit: 2500

Memory: 4k page, system-wide physical 32452M (9012M free)
TotalPageFile size 42692M (AvailPageFile size 24M)
current process WorkingSet (physical memory assigned to process): 349M, peak: 1605M
current process commit charge ("private bytes"): 1546M, peak: 1582M

vm_info: OpenJDK 64-Bit Server VM (21.0.8+9-LTS) for windows-amd64 JRE (21.0.8+9-LTS), built on 2025-07-15T00:00:00Z by "admin" with MS VC++ 17.7 (VS2022)

END.
